V 1.7
①安装包体积减小
②优化了一些功能
③修复了一些bug

V 1.6
①添加可视化安装第三方库
②添加可视化卸载第三方库
③添加可视化备份第三方库
④添加可视化恢复第三方库
⑤修改了一些功能
⑥优化了一些功能
⑦修复了一些bug

V 1.5
①编辑器添加跳转到指定行功能
②编辑器添加搜索功能
③编辑器添加替换功能
④设置里添加编辑器缩放开关
⑤设置里添加编辑器自动保存开关
⑥设置里添加编辑器运行文件时自动保存开关
⑦修复了一些bug

V 1.4
①添加Lua解释器，支持运行Lua文件。
②添加多种编程语言源文件对应的图标显示
③添加C/C++/Lua/Java/json/MakeFile...等多种编程语言语法高亮


V 1.3
①修复部分手机不显示侧滑栏终端的问题
②预装了一些模块
③修复了一些bug
④新增了其他功能，优化了一些功能

V 1.2
①Python环境升级至3.10.2
②添加支持Shell文件在编辑器一键运行
③添加支持Html文件在编辑器一键运行
终端模拟器添加Python3和PIP3等环境变量
⑤预装了一些模块
⑥修复了一些bug
⑦新增了其他功能，优化了一些功能

V 1.1
①Python环境升级至3.10.1
②添加PIP支持
③终端模拟器取消自动进入Python交互模式
④终端模拟器添加Python和PIP环境变量
⑤预装了一些模块
⑥优化了复制移动功能